<?xml version="1.0" encoding="UTF-8"?>
<beans xmlns="http://www.springframework.org/schema/beans"
       xmlns:xsi="http://www.w3.org/2001/XMLSchema-instance"
       xsi:schemaLocation="http://www.springframework.org/schema/beans http://www.springframework.org/schema/beans/spring-beans.xsd">

    <bean id="a" class="com.pplenty.studytoby.chapter01.step01.sample.A">
        <constructor-arg name="b" ref="b"/>
    </bean>

    <bean id="b" class="com.pplenty.studytoby.chapter01.step01.sample.B">
        <property name="c" ref="c"/>
    </bean>

    <bean id="c" class="com.pplenty.studytoby.chapter01.step01.sample.C"/>

</beans>